[01m[K/home/student/ros2_ws/src/week2/src/subscriber_member_function.cpp:[m[K In member function â€˜[01m[Kvoid week2::topic_callback(sensor_msgs::msg::LaserScan_<std::allocator<void> >::SharedPtr) const[m[Kâ€™:
[01m[K/home/student/ros2_ws/src/week2/src/subscriber_member_function.cpp:25:9:[m[K [01;31m[Kerror: [m[Kincrement of member â€˜[01m[Kweek2::count_[m[Kâ€™ in read-only object
   25 |         [01;31m[Kcount_[m[K++;
      |         [01;31m[K^~~~~~[m[K
gmake[2]: *** [CMakeFiles/week2.dir/build.make:76: CMakeFiles/week2.dir/src/subscriber_member_function.cpp.o] Error 1
gmake[1]: *** [CMakeFiles/Makefile2:137: CMakeFiles/week2.dir/all] Error 2
gmake: *** [Makefile:146: all] Error 2
