[0.048s] Invoking command in '/home/student/ros2_ws/build/lab1': CMAKE_PREFIX_PATH=/opt/ros/humble /usr/bin/cmake --build /home/student/ros2_ws/build/lab1 -- -j8 -l8
[0.123s] [35m[1mConsolidate compiler generated dependencies of target labone[0m
[0.188s] [ 50%] [32mBuilding CXX object CMakeFiles/labone.dir/src/subscriber_member_function.cpp.o[0m
[4.127s] [01m[K/home/student/ros2_ws/src/lab1/src/subscriber_member_function.cpp:56:1:[m[K [01;31m[Kerror: [m[Kexpected unqualified-id before â€˜[01m[K}[m[Kâ€™ token
[4.127s]    56 | [01;31m[K}[m[K;
[4.128s]       | [01;31m[K^[m[K
[4.148s] [01m[K/home/student/ros2_ws/src/lab1/src/subscriber_member_function.cpp:[m[K In constructor â€˜[01m[KMinimalSubscriber::MinimalSubscriber()[m[Kâ€™:
[4.149s] [01m[K/home/student/ros2_ws/src/lab1/src/subscriber_member_function.cpp:33:5:[m[K [01;31m[Kerror: [m[Kâ€˜[01m[Kpublisher_[m[Kâ€™ was not declared in this scope; did you mean â€˜[01m[Krmw_publisher_t[m[Kâ€™?
[4.149s]    33 |     [01;31m[Kpublisher_[m[K = this->create_publisher<sensor_msgs::msg::Image>("/camera/image_modified", 10);
[4.149s]       |     [01;31m[K^~~~~~~~~~[m[K
[4.149s]       |     [32m[Krmw_publisher_t[m[K
[4.174s] [01m[K/home/student/ros2_ws/src/lab1/src/subscriber_member_function.cpp:[m[K In member function â€˜[01m[Kvoid MinimalSubscriber::topic_callback(sensor_msgs::msg::Image_<std::allocator<void> >::SharedPtr)[m[Kâ€™:
[4.174s] [01m[K/home/student/ros2_ws/src/lab1/src/subscriber_member_function.cpp:47:13:[m[K [01;31m[Kerror: [m[Kâ€˜[01m[Kpublisher_[m[Kâ€™ was not declared in this scope; did you mean â€˜[01m[Krmw_publisher_t[m[Kâ€™?
[4.174s]    47 |             [01;31m[Kpublisher_[m[K->publish(*modified_msg);//the circle is then published to the topic /camera/image_modified
[4.174s]       |             [01;31m[K^~~~~~~~~~[m[K
[4.174s]       |             [32m[Krmw_publisher_t[m[K
[7.575s] gmake[2]: *** [CMakeFiles/labone.dir/build.make:76: CMakeFiles/labone.dir/src/subscriber_member_function.cpp.o] Error 1
[7.575s] gmake[1]: *** [CMakeFiles/Makefile2:137: CMakeFiles/labone.dir/all] Error 2
[7.575s] gmake: *** [Makefile:146: all] Error 2
[7.578s] Invoked command in '/home/student/ros2_ws/build/lab1' returned '2': CMAKE_PREFIX_PATH=/opt/ros/humble /usr/bin/cmake --build /home/student/ros2_ws/build/lab1 -- -j8 -l8
