[0.041s] Invoking command in '/home/student/ros2_ws/build/lab1': CMAKE_PREFIX_PATH=/opt/ros/humble /usr/bin/cmake --build /home/student/ros2_ws/build/lab1 -- -j8 -l8
[0.080s] -- Found ament_cmake: 1.3.9 (/opt/ros/humble/share/ament_cmake/cmake)
[0.305s] -- Found rclcpp: 16.0.9 (/opt/ros/humble/share/rclcpp/cmake)
[0.355s] -- Found rosidl_generator_c: 3.1.5 (/opt/ros/humble/share/rosidl_generator_c/cmake)
[0.359s] -- Found rosidl_adapter: 3.1.5 (/opt/ros/humble/share/rosidl_adapter/cmake)
[0.368s] -- Found rosidl_generator_cpp: 3.1.5 (/opt/ros/humble/share/rosidl_generator_cpp/cmake)
[0.387s] -- Using all available rosidl_typesupport_c: rosidl_typesupport_fastrtps_c;rosidl_typesupport_introspection_c
[0.413s] -- Using all available rosidl_typesupport_cpp: rosidl_typesupport_fastrtps_cpp;rosidl_typesupport_introspection_cpp
[0.499s] -- Found rmw_implementation_cmake: 6.1.2 (/opt/ros/humble/share/rmw_implementation_cmake/cmake)
[0.501s] -- Found rmw_fastrtps_cpp: 6.2.6 (/opt/ros/humble/share/rmw_fastrtps_cpp/cmake)
[0.651s] -- Using RMW implementation 'rmw_fastrtps_cpp' as default
[0.853s] -- Found sensor_msgs: 4.2.4 (/opt/ros/humble/share/sensor_msgs/cmake)
[0.991s] -- Found cv_bridge: 3.2.1 (/opt/ros/humble/share/cv_bridge/cmake)
[1.090s] -- Configuring done
[1.270s] -- Generating done
[1.272s] -- Build files have been written to: /home/student/ros2_ws/build/lab1
[1.342s] [ 50%] [32mBuilding CXX object CMakeFiles/labone.dir/src/subscriber_member_function.cpp.o[0m
[5.371s] [01m[K/home/student/ros2_ws/src/lab1/src/subscriber_member_function.cpp:55:3:[m[K [01;31m[Kerror: [m[Kâ€˜[01m[Krclcpp[m[Kâ€™ does not name a type
[5.371s]    55 |   [01;31m[Krclcpp[m[K:Publisher<sensor_msgs::msg::Image>SharedPtr publisher_;
[5.371s]       |   [01;31m[K^~~~~~[m[K
[5.372s] [01m[K/home/student/ros2_ws/src/lab1/src/subscriber_member_function.cpp:[m[K In constructor â€˜[01m[KMinimalSubscriber::MinimalSubscriber()[m[Kâ€™:
[5.372s] [01m[K/home/student/ros2_ws/src/lab1/src/subscriber_member_function.cpp:31:71:[m[K [01;31m[Kerror: [m[Kno matching function for call to â€˜[01m[KMinimalSubscriber::create_subscription<sensor_msgs::msg::Image>(const char [18], int, void (MinimalSubscriber::*)(sensor_msgs::msg::Image_<std::allocator<void> >::SharedPtr), MinimalSubscriber*, const std::_Placeholder<1>&)[m[Kâ€™
[5.372s]    31 | iption_ = [01;31m[Kthis->create_subscription<sensor_msgs::msg::Image>("/camera/image_raw", 10, &MinimalSubscriber::topic_callback, this, std::placeholders::_1)[m[K;
[5.372s]       |           [01;31m[K~~~~~~~~~~~~~~~~~~~~~~~~~~~~~~~~~~~~~~~~~~~~~~~~~~^~~~~~~~~~~~~~~~~~~~~~~~~~~~~~~~~~~~~~~~~~~~~~~~~~~~~~~~~~~~~~~~~~~~~~~~~~~~~~~~~~~~~~~~~~[m[K
[5.372s] 
[5.372s] In file included from [01m[K/opt/ros/humble/include/rclcpp/rclcpp/executors/single_threaded_executor.hpp:28[m[K,
[5.372s]                  from [01m[K/opt/ros/humble/include/rclcpp/rclcpp/executors.hpp:22[m[K,
[5.373s]                  from [01m[K/opt/ros/humble/include/rclcpp/rclcpp/rclcpp.hpp:155[m[K,
[5.373s]                  from [01m[K/home/student/ros2_ws/src/lab1/src/subscriber_member_function.cpp:18[m[K:
[5.373s] [01m[K/opt/ros/humble/include/rclcpp/rclcpp/node.hpp:219:3:[m[K [01;36m[Knote: [m[Kcandidate: â€˜[01m[Ktemplate<class MessageT, class CallbackT, class AllocatorT, class SubscriptionT, class MessageMemoryStrategyT> std::shared_ptr<ROSMessageT> rclcpp::Node::create_subscription(const string&, const rclcpp::QoS&, CallbackT&&, const rclcpp::SubscriptionOptionsWithAllocator<AllocatorT>&, typename MessageMemoryStrategyT::SharedPtr)[m[Kâ€™
[5.373s]   219 |   [01;36m[Kcreate_subscription[m[K(
[5.373s]       |   [01;36m[K^~~~~~~~~~~~~~~~~~~[m[K
[5.373s] [01m[K/opt/ros/humble/include/rclcpp/rclcpp/node.hpp:219:3:[m[K [01;36m[Knote: [m[K  template argument deduction/substitution failed:
[5.373s] [01m[K/home/student/ros2_ws/src/lab1/src/subscriber_member_function.cpp:31:71:[m[K [01;36m[Knote: [m[K  mismatched types â€˜[01m[Kconst rclcpp::SubscriptionOptionsWithAllocator<AllocatorT>[m[Kâ€™ and â€˜[01m[KMinimalSubscriber*[m[Kâ€™
[5.373s]    31 | iption_ = [01;36m[Kthis->create_subscription<sensor_msgs::msg::Image>("/camera/image_raw", 10, &MinimalSubscriber::topic_callback, this, std::placeholders::_1)[m[K;
[5.373s]       |           [01;36m[K~~~~~~~~~~~~~~~~~~~~~~~~~~~~~~~~~~~~~~~~~~~~~~~~~~^~~~~~~~~~~~~~~~~~~~~~~~~~~~~~~~~~~~~~~~~~~~~~~~~~~~~~~~~~~~~~~~~~~~~~~~~~~~~~~~~~~~~~~~~~[m[K
[5.373s] 
[5.383s] [01m[K/home/student/ros2_ws/src/lab1/src/subscriber_member_function.cpp:33:5:[m[K [01;31m[Kerror: [m[Kâ€˜[01m[Kpublisher_[m[Kâ€™ was not declared in this scope; did you mean â€˜[01m[Krmw_publisher_t[m[Kâ€™?
[5.383s]    33 |     [01;31m[Kpublisher_[m[K = this->create_publisher<sensor_msgs::msg::Image>("/camera/image_modified", 10);
[5.383s]       |     [01;31m[K^~~~~~~~~~[m[K
[5.383s]       |     [32m[Krmw_publisher_t[m[K
[5.409s] [01m[K/home/student/ros2_ws/src/lab1/src/subscriber_member_function.cpp:[m[K In member function â€˜[01m[Kvoid MinimalSubscriber::topic_callback(sensor_msgs::msg::Image_<std::allocator<void> >::SharedPtr)[m[Kâ€™:
[5.409s] [01m[K/home/student/ros2_ws/src/lab1/src/subscriber_member_function.cpp:47:13:[m[K [01;31m[Kerror: [m[Kâ€˜[01m[Kimage_pub_[m[Kâ€™ was not declared in this scope
[5.409s]    47 |             [01;31m[Kimage_pub_[m[K->publish(*modified_msg);//the circle is then published to the topic /camera/image_modified
[5.409s]       |             [01;31m[K^~~~~~~~~~[m[K
[7.253s] gmake[2]: *** [CMakeFiles/labone.dir/build.make:76: CMakeFiles/labone.dir/src/subscriber_member_function.cpp.o] Error 1
[7.253s] gmake[1]: *** [CMakeFiles/Makefile2:137: CMakeFiles/labone.dir/all] Error 2
[7.253s] gmake: *** [Makefile:146: all] Error 2
[7.256s] Invoked command in '/home/student/ros2_ws/build/lab1' returned '2': CMAKE_PREFIX_PATH=/opt/ros/humble /usr/bin/cmake --build /home/student/ros2_ws/build/lab1 -- -j8 -l8
