[01m[K/home/student/ros2_ws/src/week5/src/publisher_member_function.cpp:[m[K In member function â€˜[01m[Kvoid ScanToImageNode::scanCallback(sensor_msgs::msg::LaserScan_<std::allocator<void> >::SharedPtr)[m[Kâ€™:
[01m[K/home/student/ros2_ws/src/week5/src/publisher_member_function.cpp:25:11:[m[K [01;31m[Kerror: [m[Kâ€˜[01m[Kfirst_image[m[Kâ€™ was not declared in this scope; did you mean â€˜[01m[Kfirst_image_[m[Kâ€™?
   25 |           [01;31m[Kfirst_image[m[K = img.clone();
      |           [01;31m[K^~~~~~~~~~~[m[K
      |           [32m[Kfirst_image_[m[K
[01m[K/home/student/ros2_ws/src/week5/src/publisher_member_function.cpp:29:15:[m[K [01;31m[Kerror: [m[Kâ€˜[01m[Kwaitkey[m[Kâ€™ is not a member of â€˜[01m[Kcv[m[Kâ€™; did you mean â€˜[01m[KwaitKey[m[Kâ€™?
   29 |           cv::[01;31m[Kwaitkey[m[K(1);
      |               [01;31m[K^~~~~~~[m[K
      |               [32m[KwaitKey[m[K
[01m[K/home/student/ros2_ws/src/week5/src/publisher_member_function.cpp:34:11:[m[K [01;31m[Kerror: [m[Kâ€˜[01m[Ksecond_image[m[Kâ€™ was not declared in this scope; did you mean â€˜[01m[Ksecond_image_[m[Kâ€™?
   34 |           [01;31m[Ksecond_image[m[K = img.clone();
      |           [01;31m[K^~~~~~~~~~~~[m[K
      |           [32m[Ksecond_image_[m[K
[01m[K/home/student/ros2_ws/src/week5/src/publisher_member_function.cpp:38:15:[m[K [01;31m[Kerror: [m[Kâ€˜[01m[Kwaitkey[m[Kâ€™ is not a member of â€˜[01m[Kcv[m[Kâ€™; did you mean â€˜[01m[KwaitKey[m[Kâ€™?
   38 |           cv::[01;31m[Kwaitkey[m[K(1);
      |               [01;31m[K^~~~~~~[m[K
      |               [32m[KwaitKey[m[K
[01m[K/home/student/ros2_ws/src/week5/src/publisher_member_function.cpp:44:11:[m[K [01;31m[Kerror: [m[Kâ€˜[01m[Kfirst_image[m[Kâ€™ was not declared in this scope; did you mean â€˜[01m[Kfirst_image_[m[Kâ€™?
   44 |           [01;31m[Kfirst_image[m[K = second_img.clone();
      |           [01;31m[K^~~~~~~~~~~[m[K
      |           [32m[Kfirst_image_[m[K
[01m[K/home/student/ros2_ws/src/week5/src/publisher_member_function.cpp:44:25:[m[K [01;31m[Kerror: [m[Kâ€˜[01m[Ksecond_img[m[Kâ€™ was not declared in this scope; did you mean â€˜[01m[Ksecond_image_[m[Kâ€™?
   44 |           first_image = [01;31m[Ksecond_img[m[K.clone();
      |                         [01;31m[K^~~~~~~~~~[m[K
      |                         [32m[Ksecond_image_[m[K
[01m[K/home/student/ros2_ws/src/week5/src/publisher_member_function.cpp:45:11:[m[K [01;31m[Kerror: [m[Kâ€˜[01m[Ksecond_image[m[Kâ€™ was not declared in this scope; did you mean â€˜[01m[Ksecond_image_[m[Kâ€™?
   45 |           [01;31m[Ksecond_image[m[K = img.clone();
      |           [01;31m[K^~~~~~~~~~~~[m[K
      |           [32m[Ksecond_image_[m[K
[01m[K/home/student/ros2_ws/src/week5/src/publisher_member_function.cpp:49:15:[m[K [01;31m[Kerror: [m[Kâ€˜[01m[Kwaitkey[m[Kâ€™ is not a member of â€˜[01m[Kcv[m[Kâ€™; did you mean â€˜[01m[KwaitKey[m[Kâ€™?
   49 |           cv::[01;31m[Kwaitkey[m[K(1);
      |               [01;31m[K^~~~~~~[m[K
      |               [32m[KwaitKey[m[K
[01m[K/home/student/ros2_ws/src/week5/src/publisher_member_function.cpp:[m[K In member function â€˜[01m[Kcv::Mat ScanToImageNode::laserScanToMat(const SharedPtr&)[m[Kâ€™:
[01m[K/home/student/ros2_ws/src/week5/src/publisher_member_function.cpp:69:5:[m[K [01;31m[Kerror: [m[Kexpected initializer before â€˜[01m[K}[m[Kâ€™ token
   69 |     [01;31m[K}[m[K
      |     [01;31m[K^[m[K
[01m[K/home/student/ros2_ws/src/week5/src/publisher_member_function.cpp:66:13:[m[K [01;35m[Kwarning: [m[Kunused variable â€˜[01m[Ksize[m[Kâ€™ [[01;35m[K]8;;https://gcc.gnu.org/onlinedocs/gcc/Warning-Options.html#index-Wunused-variable-Wunused-variable]8;;[m[K]
   66 |         int [01;35m[Ksize[m[K = 500;
      |             [01;35m[K^~~~[m[K
[01m[K/home/student/ros2_ws/src/week5/src/publisher_member_function.cpp:67:15:[m[K [01;35m[Kwarning: [m[Kunused variable â€˜[01m[Kmax_range[m[Kâ€™ [[01;35m[K]8;;https://gcc.gnu.org/onlinedocs/gcc/Warning-Options.html#index-Wunused-variable-Wunused-variable]8;;[m[K]
   67 |         float [01;35m[Kmax_range[m[K = scan->range_max;
      |               [01;35m[K^~~~~~~~~[m[K
[01m[K/home/student/ros2_ws/src/week5/src/publisher_member_function.cpp:69:5:[m[K [01;35m[Kwarning: [m[Kno return statement in function returning non-void [[01;35m[K]8;;https://gcc.gnu.org/onlinedocs/gcc/Warning-Options.html#index-Wreturn-type-Wreturn-type]8;;[m[K]
   69 |     [01;35m[K}[m[K
      |     [01;35m[K^[m[K
[01m[K/home/student/ros2_ws/src/week5/src/publisher_member_function.cpp:[m[K In member function â€˜[01m[Kvoid ScanToImageNode::calculateYawChange()[m[Kâ€™:
[01m[K/home/student/ros2_ws/src/week5/src/publisher_member_function.cpp:83:30:[m[K [01;35m[Kwarning: [m[Ksuggest parentheses around comparison in operand of â€˜[01m[K&[m[Kâ€™ [[01;35m[K]8;;https://gcc.gnu.org/onlinedocs/gcc/Warning-Options.html#index-Wparentheses-Wparentheses]8;;[m[K]
   83 |         if ([01;35m[KsrcPoints.size() >= 3[m[K & dstPoints.size() >= 3){
      |             [01;35m[K~~~~~~~~~~~~~~~~~^~~~[m[K
gmake[2]: *** [CMakeFiles/week5.dir/build.make:76: CMakeFiles/week5.dir/src/publisher_member_function.cpp.o] Error 1
gmake[1]: *** [CMakeFiles/Makefile2:137: CMakeFiles/week5.dir/all] Error 2
gmake: *** [Makefile:146: all] Error 2
