[0.012s] Invoking command in '/home/student/ros2_ws/src/week5/build/week5': CMAKE_PREFIX_PATH=/opt/ros/humble /usr/bin/cmake --build /home/student/ros2_ws/src/week5/build/week5 -- -j8 -l8
[0.042s] -- Found ament_cmake: 1.3.10 (/opt/ros/humble/share/ament_cmake/cmake)
[0.174s] -- Found rclcpp: 16.0.10 (/opt/ros/humble/share/rclcpp/cmake)
[0.203s] -- Found rosidl_generator_c: 3.1.5 (/opt/ros/humble/share/rosidl_generator_c/cmake)
[0.206s] -- Found rosidl_adapter: 3.1.5 (/opt/ros/humble/share/rosidl_adapter/cmake)
[0.212s] -- Found rosidl_generator_cpp: 3.1.5 (/opt/ros/humble/share/rosidl_generator_cpp/cmake)
[0.222s] -- Using all available rosidl_typesupport_c: rosidl_typesupport_fastrtps_c;rosidl_typesupport_introspection_c
[0.235s] -- Using all available rosidl_typesupport_cpp: rosidl_typesupport_fastrtps_cpp;rosidl_typesupport_introspection_cpp
[0.270s] -- Found rmw_implementation_cmake: 6.1.2 (/opt/ros/humble/share/rmw_implementation_cmake/cmake)
[0.272s] -- Found rmw_fastrtps_cpp: 6.2.7 (/opt/ros/humble/share/rmw_fastrtps_cpp/cmake)
[0.392s] -- Using RMW implementation 'rmw_fastrtps_cpp' as default
[0.445s] -- Found sensor_msgs: 4.2.4 (/opt/ros/humble/share/sensor_msgs/cmake)
[0.487s] -- Found cv_bridge: 3.2.1 (/opt/ros/humble/share/cv_bridge/cmake)
[0.572s] -- Configuring done
[1.040s] -- Generating done
[1.042s] -- Build files have been written to: /home/student/ros2_ws/src/week5/build/week5
[1.103s] [ 50%] [32mBuilding CXX object CMakeFiles/week5.dir/src/publisher_member_function.cpp.o[0m
[5.287s] [01m[K/home/student/ros2_ws/src/week5/src/publisher_member_function.cpp:[m[K In member function â€˜[01m[Kvoid ScanToImageNode::scanCallback(sensor_msgs::msg::LaserScan_<std::allocator<void> >::SharedPtr)[m[Kâ€™:
[5.287s] [01m[K/home/student/ros2_ws/src/week5/src/publisher_member_function.cpp:25:11:[m[K [01;31m[Kerror: [m[Kâ€˜[01m[Kfirst_image[m[Kâ€™ was not declared in this scope; did you mean â€˜[01m[Kfirst_image_[m[Kâ€™?
[5.287s]    25 |           [01;31m[Kfirst_image[m[K = img.clone();
[5.287s]       |           [01;31m[K^~~~~~~~~~~[m[K
[5.287s]       |           [32m[Kfirst_image_[m[K
[5.288s] [01m[K/home/student/ros2_ws/src/week5/src/publisher_member_function.cpp:29:15:[m[K [01;31m[Kerror: [m[Kâ€˜[01m[Kwaitkey[m[Kâ€™ is not a member of â€˜[01m[Kcv[m[Kâ€™; did you mean â€˜[01m[KwaitKey[m[Kâ€™?
[5.288s]    29 |           cv::[01;31m[Kwaitkey[m[K(1);
[5.288s]       |               [01;31m[K^~~~~~~[m[K
[5.288s]       |               [32m[KwaitKey[m[K
[5.293s] [01m[K/home/student/ros2_ws/src/week5/src/publisher_member_function.cpp:34:11:[m[K [01;31m[Kerror: [m[Kâ€˜[01m[Ksecond_image[m[Kâ€™ was not declared in this scope; did you mean â€˜[01m[Ksecond_image_[m[Kâ€™?
[5.293s]    34 |           [01;31m[Ksecond_image[m[K = img.clone();
[5.293s]       |           [01;31m[K^~~~~~~~~~~~[m[K
[5.294s]       |           [32m[Ksecond_image_[m[K
[5.294s] [01m[K/home/student/ros2_ws/src/week5/src/publisher_member_function.cpp:38:15:[m[K [01;31m[Kerror: [m[Kâ€˜[01m[Kwaitkey[m[Kâ€™ is not a member of â€˜[01m[Kcv[m[Kâ€™; did you mean â€˜[01m[KwaitKey[m[Kâ€™?
[5.294s]    38 |           cv::[01;31m[Kwaitkey[m[K(1);
[5.294s]       |               [01;31m[K^~~~~~~[m[K
[5.294s]       |               [32m[KwaitKey[m[K
[5.299s] [01m[K/home/student/ros2_ws/src/week5/src/publisher_member_function.cpp:44:11:[m[K [01;31m[Kerror: [m[Kâ€˜[01m[Kfirst_image[m[Kâ€™ was not declared in this scope; did you mean â€˜[01m[Kfirst_image_[m[Kâ€™?
[5.299s]    44 |           [01;31m[Kfirst_image[m[K = second_img.clone();
[5.299s]       |           [01;31m[K^~~~~~~~~~~[m[K
[5.299s]       |           [32m[Kfirst_image_[m[K
[5.306s] [01m[K/home/student/ros2_ws/src/week5/src/publisher_member_function.cpp:44:25:[m[K [01;31m[Kerror: [m[Kâ€˜[01m[Ksecond_img[m[Kâ€™ was not declared in this scope; did you mean â€˜[01m[Ksecond_image_[m[Kâ€™?
[5.306s]    44 |           first_image = [01;31m[Ksecond_img[m[K.clone();
[5.306s]       |                         [01;31m[K^~~~~~~~~~[m[K
[5.306s]       |                         [32m[Ksecond_image_[m[K
[5.311s] [01m[K/home/student/ros2_ws/src/week5/src/publisher_member_function.cpp:45:11:[m[K [01;31m[Kerror: [m[Kâ€˜[01m[Ksecond_image[m[Kâ€™ was not declared in this scope; did you mean â€˜[01m[Ksecond_image_[m[Kâ€™?
[5.311s]    45 |           [01;31m[Ksecond_image[m[K = img.clone();
[5.311s]       |           [01;31m[K^~~~~~~~~~~~[m[K
[5.311s]       |           [32m[Ksecond_image_[m[K
[5.311s] [01m[K/home/student/ros2_ws/src/week5/src/publisher_member_function.cpp:49:15:[m[K [01;31m[Kerror: [m[Kâ€˜[01m[Kwaitkey[m[Kâ€™ is not a member of â€˜[01m[Kcv[m[Kâ€™; did you mean â€˜[01m[KwaitKey[m[Kâ€™?
[5.311s]    49 |           cv::[01;31m[Kwaitkey[m[K(1);
[5.311s]       |               [01;31m[K^~~~~~~[m[K
[5.311s]       |               [32m[KwaitKey[m[K
[5.312s] [01m[K/home/student/ros2_ws/src/week5/src/publisher_member_function.cpp:[m[K In member function â€˜[01m[Kcv::Mat ScanToImageNode::laserScanToMat(const SharedPtr&)[m[Kâ€™:
[5.312s] [01m[K/home/student/ros2_ws/src/week5/src/publisher_member_function.cpp:69:5:[m[K [01;31m[Kerror: [m[Kexpected initializer before â€˜[01m[K}[m[Kâ€™ token
[5.312s]    69 |     [01;31m[K}[m[K
[5.312s]       |     [01;31m[K^[m[K
[5.315s] [01m[K/home/student/ros2_ws/src/week5/src/publisher_member_function.cpp:66:13:[m[K [01;35m[Kwarning: [m[Kunused variable â€˜[01m[Ksize[m[Kâ€™ [[01;35m[K]8;;https://gcc.gnu.org/onlinedocs/gcc/Warning-Options.html#index-Wunused-variable-Wunused-variable]8;;[m[K]
[5.315s]    66 |         int [01;35m[Ksize[m[K = 500;
[5.315s]       |             [01;35m[K^~~~[m[K
[5.316s] [01m[K/home/student/ros2_ws/src/week5/src/publisher_member_function.cpp:67:15:[m[K [01;35m[Kwarning: [m[Kunused variable â€˜[01m[Kmax_range[m[Kâ€™ [[01;35m[K]8;;https://gcc.gnu.org/onlinedocs/gcc/Warning-Options.html#index-Wunused-variable-Wunused-variable]8;;[m[K]
[5.316s]    67 |         float [01;35m[Kmax_range[m[K = scan->range_max;
[5.316s]       |               [01;35m[K^~~~~~~~~[m[K
[5.316s] [01m[K/home/student/ros2_ws/src/week5/src/publisher_member_function.cpp:69:5:[m[K [01;35m[Kwarning: [m[Kno return statement in function returning non-void [[01;35m[K]8;;https://gcc.gnu.org/onlinedocs/gcc/Warning-Options.html#index-Wreturn-type-Wreturn-type]8;;[m[K]
[5.316s]    69 |     [01;35m[K}[m[K
[5.316s]       |     [01;35m[K^[m[K
[5.319s] [01m[K/home/student/ros2_ws/src/week5/src/publisher_member_function.cpp:[m[K In member function â€˜[01m[Kvoid ScanToImageNode::calculateYawChange()[m[Kâ€™:
[5.319s] [01m[K/home/student/ros2_ws/src/week5/src/publisher_member_function.cpp:83:30:[m[K [01;35m[Kwarning: [m[Ksuggest parentheses around comparison in operand of â€˜[01m[K&[m[Kâ€™ [[01;35m[K]8;;https://gcc.gnu.org/onlinedocs/gcc/Warning-Options.html#index-Wparentheses-Wparentheses]8;;[m[K]
[5.319s]    83 |         if ([01;35m[KsrcPoints.size() >= 3[m[K & dstPoints.size() >= 3){
[5.319s]       |             [01;35m[K~~~~~~~~~~~~~~~~~^~~~[m[K
[8.516s] gmake[2]: *** [CMakeFiles/week5.dir/build.make:76: CMakeFiles/week5.dir/src/publisher_member_function.cpp.o] Error 1
[8.517s] gmake[1]: *** [CMakeFiles/Makefile2:137: CMakeFiles/week5.dir/all] Error 2
[8.517s] gmake: *** [Makefile:146: all] Error 2
[8.519s] Invoked command in '/home/student/ros2_ws/src/week5/build/week5' returned '2': CMAKE_PREFIX_PATH=/opt/ros/humble /usr/bin/cmake --build /home/student/ros2_ws/src/week5/build/week5 -- -j8 -l8
