[35m[1mConsolidate compiler generated dependencies of target week2[0m
[ 50%] [32mBuilding CXX object CMakeFiles/week2.dir/src/subscriber_member_function.cpp.o[0m
[01m[K/home/student/ros2_ws/src/week2/src/subscriber_member_function.cpp:48:39:[m[K [01;31m[Kerror: [m[Kâ€˜[01m[KLaserScan[m[Kâ€™ is not a member of â€˜[01m[Kstd_msgs::msg[m[Kâ€™; did you mean â€˜[01m[Ksensor_msgs::msg::LaserScan[m[Kâ€™?
   48 |   rclcpp::Subscription<std_msgs::msg::[01;31m[KLaserScan[m[K>::SharedPtr subscription_;
      |                                       [01;31m[K^~~~~~~~~[m[K
In file included from [01m[K/opt/ros/humble/include/sensor_msgs/sensor_msgs/msg/laser_scan.hpp:7[m[K,
                 from [01m[K/home/student/ros2_ws/src/week2/src/subscriber_member_function.cpp:17[m[K:
[01m[K/opt/ros/humble/include/sensor_msgs/sensor_msgs/msg/detail/laser_scan__struct.hpp:247:7:[m[K [01;36m[Knote: [m[Kâ€˜[01m[Ksensor_msgs::msg::LaserScan[m[Kâ€™ declared here
  247 | using [01;36m[KLaserScan[m[K =
      |       [01;36m[K^~~~~~~~~[m[K
[01m[K/home/student/ros2_ws/src/week2/src/subscriber_member_function.cpp:48:48:[m[K [01;31m[Kerror: [m[Ktemplate argument 1 is invalid
   48 |   rclcpp::Subscription<std_msgs::msg::LaserScan[01;31m[K>[m[K::SharedPtr subscription_;
      |                                                [01;31m[K^[m[K
[01m[K/home/student/ros2_ws/src/week2/src/subscriber_member_function.cpp:48:48:[m[K [01;31m[Kerror: [m[Ktemplate argument 3 is invalid
[01m[K/home/student/ros2_ws/src/week2/src/subscriber_member_function.cpp:48:48:[m[K [01;31m[Kerror: [m[Ktemplate argument 4 is invalid
[01m[K/home/student/ros2_ws/src/week2/src/subscriber_member_function.cpp:48:48:[m[K [01;31m[Kerror: [m[Ktemplate argument 5 is invalid
[01m[K/home/student/ros2_ws/src/week2/src/subscriber_member_function.cpp:48:51:[m[K [01;31m[Kerror: [m[Kexpected â€˜[01m[K;[m[Kâ€™ at end of member declaration
   48 |   rclcpp::Subscription<std_msgs::msg::LaserScan>::[01;31m[KSharedPtr[m[K subscription_;
      |                                                   [01;31m[K^~~~~~~~~[m[K
      |                                                            [32m[K;[m[K
[01m[K/home/student/ros2_ws/src/week2/src/subscriber_member_function.cpp:48:61:[m[K [01;31m[Kerror: [m[Kâ€˜[01m[Ksubscription_[m[Kâ€™ does not name a type; did you mean â€˜[01m[Krmw_subscription_t[m[Kâ€™?
   48 |   rclcpp::Subscription<std_msgs::msg::LaserScan>::SharedPtr [01;31m[Ksubscription_[m[K;
      |                                                             [01;31m[K^~~~~~~~~~~~~[m[K
      |                                                             [32m[Krmw_subscription_t[m[K
[01m[K/home/student/ros2_ws/src/week2/src/subscriber_member_function.cpp:[m[K In constructor â€˜[01m[Kweek2::week2()[m[Kâ€™:
[01m[K/home/student/ros2_ws/src/week2/src/subscriber_member_function.cpp:29:5:[m[K [01;31m[Kerror: [m[Kâ€˜[01m[Ksubscription_[m[Kâ€™ was not declared in this scope; did you mean â€˜[01m[Krmw_subscription_t[m[Kâ€™?
   29 |     [01;31m[Ksubscription_[m[K = this->create_subscription<sensor_msgs::msg::laserScan>(
      |     [01;31m[K^~~~~~~~~~~~~[m[K
      |     [32m[Krmw_subscription_t[m[K
[01m[K/home/student/ros2_ws/src/week2/src/subscriber_member_function.cpp:29:65:[m[K [01;31m[Kerror: [m[Kâ€˜[01m[KlaserScan[m[Kâ€™ is not a member of â€˜[01m[Ksensor_msgs::msg[m[Kâ€™; did you mean â€˜[01m[KLaserScan[m[Kâ€™?
   29 | subscription_ = this->create_subscription<sensor_msgs::msg::[01;31m[KlaserScan[m[K>(
      |                                                             [01;31m[K^~~~~~~~~[m[K
      |                                                             [32m[KLaserScan[m[K
[01m[K/home/student/ros2_ws/src/week2/src/subscriber_member_function.cpp:29:75:[m[K [01;31m[Kerror: [m[Kno matching function for call to â€˜[01m[Kweek2::create_subscription<<expression error> >(const char [21], int, std::_Bind_helper<false, void (week2::*)(sensor_msgs::msg::LaserScan_<std::allocator<void> >) const, week2*, const std::_Placeholder<1>&>::type)[m[Kâ€™
   29 | subscription_ = [01;31m[Kthis->create_subscription<sensor_msgs::msg::laserScan>([m[K
      |                 [01;31m[K~~~~~~~~~~~~~~~~~~~~~~~~~~~~~~~~~~~~~~~~~~~~~~~~~~~~~~^[m[K

   30 | [01;31m[K  "sensor_msgs/msg/scan", 10, std::bind(&week2::topic_callback, this, _1))[m[K;
      |   [01;31m[K~~~~~~~~~~~~~~~~~~~~~~~~~~~~~~~~~~~~~~~~~~~~~~~~~~~~~~~~~~~~~~~~~~~~~~~~[m[K

In file included from [01m[K/opt/ros/humble/include/rclcpp/rclcpp/executors/single_threaded_executor.hpp:28[m[K,
                 from [01m[K/opt/ros/humble/include/rclcpp/rclcpp/executors.hpp:22[m[K,
                 from [01m[K/opt/ros/humble/include/rclcpp/rclcpp/rclcpp.hpp:155[m[K,
                 from [01m[K/home/student/ros2_ws/src/week2/src/subscriber_member_function.cpp:18[m[K:
[01m[K/opt/ros/humble/include/rclcpp/rclcpp/node.hpp:219:3:[m[K [01;36m[Knote: [m[Kcandidate: â€˜[01m[Ktemplate<class MessageT, class CallbackT, class AllocatorT, class SubscriptionT, class MessageMemoryStrategyT> std::shared_ptr<ROSMessageT> rclcpp::Node::create_subscription(const string&, const rclcpp::QoS&, CallbackT&&, const rclcpp::SubscriptionOptionsWithAllocator<AllocatorT>&, typename MessageMemoryStrategyT::SharedPtr)[m[Kâ€™
  219 |   [01;36m[Kcreate_subscription[m[K(
      |   [01;36m[K^~~~~~~~~~~~~~~~~~~[m[K
[01m[K/opt/ros/humble/include/rclcpp/rclcpp/node.hpp:219:3:[m[K [01;36m[Knote: [m[K  template argument deduction/substitution failed:
[01m[K/home/student/ros2_ws/src/week2/src/subscriber_member_function.cpp:29:75:[m[K [01;31m[Kerror: [m[Ktemplate argument 1 is invalid
   29 | subscription_ = [01;31m[Kthis->create_subscription<sensor_msgs::msg::laserScan>([m[K
      |                 [01;31m[K~~~~~~~~~~~~~~~~~~~~~~~~~~~~~~~~~~~~~~~~~~~~~~~~~~~~~~^[m[K

   30 | [01;31m[K  "sensor_msgs/msg/scan", 10, std::bind(&week2::topic_callback, this, _1))[m[K;
      |   [01;31m[K~~~~~~~~~~~~~~~~~~~~~~~~~~~~~~~~~~~~~~~~~~~~~~~~~~~~~~~~~~~~~~~~~~~~~~~~[m[K

In file included from [01m[K/opt/ros/humble/include/rclcpp/rclcpp/logging.hpp:24[m[K,
                 from [01m[K/opt/ros/humble/include/rclcpp/rclcpp/client.hpp:40[m[K,
                 from [01m[K/opt/ros/humble/include/rclcpp/rclcpp/callback_group.hpp:24[m[K,
                 from [01m[K/opt/ros/humble/include/rclcpp/rclcpp/any_executable.hpp:20[m[K,
                 from [01m[K/opt/ros/humble/include/rclcpp/rclcpp/memory_strategy.hpp:25[m[K,
                 from [01m[K/opt/ros/humble/include/rclcpp/rclcpp/memory_strategies.hpp:18[m[K,
                 from [01m[K/opt/ros/humble/include/rclcpp/rclcpp/executor_options.hpp:20[m[K,
                 from [01m[K/opt/ros/humble/include/rclcpp/rclcpp/executor.hpp:37[m[K,
                 from [01m[K/opt/ros/humble/include/rclcpp/rclcpp/executors/multi_threaded_executor.hpp:25[m[K,
                 from [01m[K/opt/ros/humble/include/rclcpp/rclcpp/executors.hpp:21[m[K,
                 from [01m[K/opt/ros/humble/include/rclcpp/rclcpp/rclcpp.hpp:155[m[K,
                 from [01m[K/home/student/ros2_ws/src/week2/src/subscriber_member_function.cpp:18[m[K:
[01m[K/home/student/ros2_ws/src/week2/src/subscriber_member_function.cpp:[m[K In member function â€˜[01m[Kvoid week2::topic_callback(sensor_msgs::msg::LaserScan) const[m[Kâ€™:
[01m[K/home/student/ros2_ws/src/week2/src/subscriber_member_function.cpp:40:69:[m[K [01;31m[Kerror: [m[Kbase operand of â€˜[01m[K->[m[Kâ€™ has non-pointer type â€˜[01m[Kconst LaserScan[m[Kâ€™ {aka â€˜[01m[Kconst sensor_msgs::msg::LaserScan_<std::allocator<void> >[m[Kâ€™}
   40 | RCLCPP_INFO(this->get_logger(), "Angle_min: %f radians", msg[01;31m[K->[m[Kangle_min);
      |                                                             [01;31m[K^~[m[K

[01m[K/home/student/ros2_ws/src/week2/src/subscriber_member_function.cpp:41:69:[m[K [01;31m[Kerror: [m[Kbase operand of â€˜[01m[K->[m[Kâ€™ has non-pointer type â€˜[01m[Kconst LaserScan[m[Kâ€™ {aka â€˜[01m[Kconst sensor_msgs::msg::LaserScan_<std::allocator<void> >[m[Kâ€™}
   41 | RCLCPP_INFO(this->get_logger(), "Angle_max: %f radians", msg[01;31m[K->[m[Kangle_max);
      |                                                             [01;31m[K^~[m[K

[01m[K/home/student/ros2_ws/src/week2/src/subscriber_member_function.cpp:42:75:[m[K [01;31m[Kerror: [m[Kbase operand of â€˜[01m[K->[m[Kâ€™ has non-pointer type â€˜[01m[Kconst LaserScan[m[Kâ€™ {aka â€˜[01m[Kconst sensor_msgs::msg::LaserScan_<std::allocator<void> >[m[Kâ€™}
   42 | _INFO(this->get_logger(), "Angle_increment: %f radians", msg[01;31m[K->[m[Kangle_increment);
      |                                                             [01;31m[K^~[m[K

gmake[2]: *** [CMakeFiles/week2.dir/build.make:76: CMakeFiles/week2.dir/src/subscriber_member_function.cpp.o] Error 1
gmake[1]: *** [CMakeFiles/Makefile2:137: CMakeFiles/week2.dir/all] Error 2
gmake: *** [Makefile:146: all] Error 2
