[01m[K/home/student/ros2_ws/src/sprint_3/src/cylinder_detection_node.cpp:1:10:[m[K [01;31m[Kfatal error: [m[Krclcpp/rclcpp.hpp: No such file or directory
    1 | #include [01;31m[K<rclcpp/rclcpp.hpp>[m[K
      |          [01;31m[K^~~~~~~~~~~~~~~~~~~[m[K
compilation terminated.
gmake[2]: *** [CMakeFiles/cylinder_detection_node.dir/build.make:76: CMakeFiles/cylinder_detection_node.dir/src/cylinder_detection_node.cpp.o] Error 1
gmake[1]: *** [CMakeFiles/Makefile2:137: CMakeFiles/cylinder_detection_node.dir/all] Error 2
gmake: *** [Makefile:146: all] Error 2
