[01m[K/home/student/ros2_ws/src/lab1/src/subscriber_member_function.cpp:17:10:[m[K [01;31m[Kfatal error: [m[Ksensor_msgs/msg/Image.hpp: No such file or directory
   17 | #include [01;31m[K"sensor_msgs/msg/Image.hpp"[m[K
      |          [01;31m[K^~~~~~~~~~~~~~~~~~~~~~~~~~~[m[K
compilation terminated.
gmake[2]: *** [CMakeFiles/labone.dir/build.make:76: CMakeFiles/labone.dir/src/subscriber_member_function.cpp.o] Error 1
gmake[1]: *** [CMakeFiles/Makefile2:137: CMakeFiles/labone.dir/all] Error 2
gmake: *** [Makefile:146: all] Error 2
