[0.045s] Invoking command in '/home/student/ros2_ws/build/lab1': CMAKE_PREFIX_PATH=/opt/ros/humble /usr/bin/cmake --build /home/student/ros2_ws/build/lab1 -- -j8 -l8
[0.085s] -- Found ament_cmake: 1.3.9 (/opt/ros/humble/share/ament_cmake/cmake)
[0.309s] -- Found rclcpp: 16.0.9 (/opt/ros/humble/share/rclcpp/cmake)
[0.357s] -- Found rosidl_generator_c: 3.1.5 (/opt/ros/humble/share/rosidl_generator_c/cmake)
[0.360s] -- Found rosidl_adapter: 3.1.5 (/opt/ros/humble/share/rosidl_adapter/cmake)
[0.367s] -- Found rosidl_generator_cpp: 3.1.5 (/opt/ros/humble/share/rosidl_generator_cpp/cmake)
[0.381s] -- Using all available rosidl_typesupport_c: rosidl_typesupport_fastrtps_c;rosidl_typesupport_introspection_c
[0.407s] -- Using all available rosidl_typesupport_cpp: rosidl_typesupport_fastrtps_cpp;rosidl_typesupport_introspection_cpp
[0.484s] -- Found rmw_implementation_cmake: 6.1.2 (/opt/ros/humble/share/rmw_implementation_cmake/cmake)
[0.485s] -- Found rmw_fastrtps_cpp: 6.2.6 (/opt/ros/humble/share/rmw_fastrtps_cpp/cmake)
[0.625s] -- Using RMW implementation 'rmw_fastrtps_cpp' as default
[0.885s] -- Found sensor_msgs: 4.2.4 (/opt/ros/humble/share/sensor_msgs/cmake)
[1.027s] -- Found cv_bridge: 3.2.1 (/opt/ros/humble/share/cv_bridge/cmake)
[1.126s] -- Configuring done
[1.442s] -- Generating done
[1.442s] -- Build files have been written to: /home/student/ros2_ws/build/lab1
[1.504s] [ 50%] [32mBuilding CXX object CMakeFiles/labone.dir/src/subscriber_member_function.cpp.o[0m
[1.592s] [01m[K/home/student/ros2_ws/src/lab1/src/subscriber_member_function.cpp:17:10:[m[K [01;31m[Kfatal error: [m[Ksensor_msgs/msg/Image.hpp: No such file or directory
[1.593s]    17 | #include [01;31m[K"sensor_msgs/msg/Image.hpp"[m[K
[1.593s]       |          [01;31m[K^~~~~~~~~~~~~~~~~~~~~~~~~~~[m[K
[1.593s] compilation terminated.
[1.594s] gmake[2]: *** [CMakeFiles/labone.dir/build.make:76: CMakeFiles/labone.dir/src/subscriber_member_function.cpp.o] Error 1
[1.594s] gmake[1]: *** [CMakeFiles/Makefile2:137: CMakeFiles/labone.dir/all] Error 2
[1.594s] gmake: *** [Makefile:146: all] Error 2
[1.597s] Invoked command in '/home/student/ros2_ws/build/lab1' returned '2': CMAKE_PREFIX_PATH=/opt/ros/humble /usr/bin/cmake --build /home/student/ros2_ws/build/lab1 -- -j8 -l8
