[0.013s] Invoking command in '/home/student/ros2_ws/src/week5/build/week5': CMAKE_PREFIX_PATH=/opt/ros/humble /usr/bin/cmake --build /home/student/ros2_ws/src/week5/build/week5 -- -j8 -l8
[0.069s] [35m[1mConsolidate compiler generated dependencies of target week5[0m
[0.100s] [ 50%] [32mBuilding CXX object CMakeFiles/week5.dir/src/publisher_member_function.cpp.o[0m
[3.522s] [01m[K/home/student/ros2_ws/src/week5/src/publisher_member_function.cpp:[m[K In member function â€˜[01m[Kcv::Mat ScanToImageNode::laserScanToMat(const SharedPtr&)[m[Kâ€™:
[3.522s] [01m[K/home/student/ros2_ws/src/week5/src/publisher_member_function.cpp:69:5:[m[K [01;31m[Kerror: [m[Kexpected initializer before â€˜[01m[K}[m[Kâ€™ token
[3.522s]    69 |     [01;31m[K}[m[K
[3.522s]       |     [01;31m[K^[m[K
[3.522s] [01m[K/home/student/ros2_ws/src/week5/src/publisher_member_function.cpp:66:13:[m[K [01;35m[Kwarning: [m[Kunused variable â€˜[01m[Ksize[m[Kâ€™ [[01;35m[K]8;;https://gcc.gnu.org/onlinedocs/gcc/Warning-Options.html#index-Wunused-variable-Wunused-variable]8;;[m[K]
[3.522s]    66 |         int [01;35m[Ksize[m[K = 500;
[3.522s]       |             [01;35m[K^~~~[m[K
[3.522s] [01m[K/home/student/ros2_ws/src/week5/src/publisher_member_function.cpp:67:15:[m[K [01;35m[Kwarning: [m[Kunused variable â€˜[01m[Kmax_range[m[Kâ€™ [[01;35m[K]8;;https://gcc.gnu.org/onlinedocs/gcc/Warning-Options.html#index-Wunused-variable-Wunused-variable]8;;[m[K]
[3.522s]    67 |         float [01;35m[Kmax_range[m[K = scan->range_max;
[3.522s]       |               [01;35m[K^~~~~~~~~[m[K
[3.523s] [01m[K/home/student/ros2_ws/src/week5/src/publisher_member_function.cpp:69:5:[m[K [01;35m[Kwarning: [m[Kno return statement in function returning non-void [[01;35m[K]8;;https://gcc.gnu.org/onlinedocs/gcc/Warning-Options.html#index-Wreturn-type-Wreturn-type]8;;[m[K]
[3.523s]    69 |     [01;35m[K}[m[K
[3.523s]       |     [01;35m[K^[m[K
[3.525s] [01m[K/home/student/ros2_ws/src/week5/src/publisher_member_function.cpp:[m[K In member function â€˜[01m[Kvoid ScanToImageNode::calculateYawChange()[m[Kâ€™:
[3.525s] [01m[K/home/student/ros2_ws/src/week5/src/publisher_member_function.cpp:83:31:[m[K [01;31m[Kerror: [m[Kexpected primary-expression before â€˜[01m[K>[m[Kâ€™ token
[3.525s]    83 |         if (srcPoints.size() =[01;31m[K>[m[K 3 & dstPoints.size() => 3){
[3.525s]       |                               [01;31m[K^[m[K
[3.525s] [01m[K/home/student/ros2_ws/src/week5/src/publisher_member_function.cpp:83:55:[m[K [01;31m[Kerror: [m[Kexpected primary-expression before â€˜[01m[K>[m[Kâ€™ token
[3.525s]    83 |         if (srcPoints.size() => 3 & dstPoints.size() =[01;31m[K>[m[K 3){
[3.525s]       |                                                       [01;31m[K^[m[K
[6.810s] gmake[2]: *** [CMakeFiles/week5.dir/build.make:76: CMakeFiles/week5.dir/src/publisher_member_function.cpp.o] Error 1
[6.810s] gmake[1]: *** [CMakeFiles/Makefile2:137: CMakeFiles/week5.dir/all] Error 2
[6.810s] gmake: *** [Makefile:146: all] Error 2
[6.813s] Invoked command in '/home/student/ros2_ws/src/week5/build/week5' returned '2': CMAKE_PREFIX_PATH=/opt/ros/humble /usr/bin/cmake --build /home/student/ros2_ws/src/week5/build/week5 -- -j8 -l8
