[0.012s] Invoking command in '/home/student/ros2_ws/src/week5/build/week5': CMAKE_PREFIX_PATH=/opt/ros/humble /usr/bin/cmake --build /home/student/ros2_ws/src/week5/build/week5 -- -j8 -l8
[0.073s] [35m[1mConsolidate compiler generated dependencies of target week5[0m
[0.104s] [ 50%] [32mBuilding CXX object CMakeFiles/week5.dir/src/publisher_member_function.cpp.o[0m
[3.575s] [01m[K/home/student/ros2_ws/src/week5/src/publisher_member_function.cpp:[m[K In member function â€˜[01m[Kvoid ScanToImageNode::scanCallback(sensor_msgs::msg::LaserScan_<std::allocator<void> >::SharedPtr)[m[Kâ€™:
[3.575s] [01m[K/home/student/ros2_ws/src/week5/src/publisher_member_function.cpp:44:26:[m[K [01;31m[Kerror: [m[Kâ€˜[01m[Ksecond_img[m[Kâ€™ was not declared in this scope; did you mean â€˜[01m[Ksecond_image_[m[Kâ€™?
[3.576s]    44 |           first_image_ = [01;31m[Ksecond_img[m[K.clone();
[3.576s]       |                          [01;31m[K^~~~~~~~~~[m[K
[3.576s]       |                          [32m[Ksecond_image_[m[K
[3.576s] [01m[K/home/student/ros2_ws/src/week5/src/publisher_member_function.cpp:[m[K In member function â€˜[01m[Kcv::Mat ScanToImageNode::laserScanToMat(const SharedPtr&)[m[Kâ€™:
[3.576s] [01m[K/home/student/ros2_ws/src/week5/src/publisher_member_function.cpp:69:5:[m[K [01;31m[Kerror: [m[Kexpected initializer before â€˜[01m[K}[m[Kâ€™ token
[3.576s]    69 |     [01;31m[K}[m[K
[3.577s]       |     [01;31m[K^[m[K
[3.577s] [01m[K/home/student/ros2_ws/src/week5/src/publisher_member_function.cpp:66:13:[m[K [01;35m[Kwarning: [m[Kunused variable â€˜[01m[Ksize[m[Kâ€™ [[01;35m[K]8;;https://gcc.gnu.org/onlinedocs/gcc/Warning-Options.html#index-Wunused-variable-Wunused-variable]8;;[m[K]
[3.577s]    66 |         int [01;35m[Ksize[m[K = 500;
[3.577s]       |             [01;35m[K^~~~[m[K
[3.578s] [01m[K/home/student/ros2_ws/src/week5/src/publisher_member_function.cpp:67:15:[m[K [01;35m[Kwarning: [m[Kunused variable â€˜[01m[Kmax_range[m[Kâ€™ [[01;35m[K]8;;https://gcc.gnu.org/onlinedocs/gcc/Warning-Options.html#index-Wunused-variable-Wunused-variable]8;;[m[K]
[3.578s]    67 |         float [01;35m[Kmax_range[m[K = scan->range_max;
[3.578s]       |               [01;35m[K^~~~~~~~~[m[K
[3.578s] [01m[K/home/student/ros2_ws/src/week5/src/publisher_member_function.cpp:69:5:[m[K [01;35m[Kwarning: [m[Kno return statement in function returning non-void [[01;35m[K]8;;https://gcc.gnu.org/onlinedocs/gcc/Warning-Options.html#index-Wreturn-type-Wreturn-type]8;;[m[K]
[3.578s]    69 |     [01;35m[K}[m[K
[3.579s]       |     [01;35m[K^[m[K
[3.580s] [01m[K/home/student/ros2_ws/src/week5/src/publisher_member_function.cpp:[m[K In member function â€˜[01m[Kvoid ScanToImageNode::calculateYawChange()[m[Kâ€™:
[3.580s] [01m[K/home/student/ros2_ws/src/week5/src/publisher_member_function.cpp:83:30:[m[K [01;35m[Kwarning: [m[Ksuggest parentheses around comparison in operand of â€˜[01m[K&[m[Kâ€™ [[01;35m[K]8;;https://gcc.gnu.org/onlinedocs/gcc/Warning-Options.html#index-Wparentheses-Wparentheses]8;;[m[K]
[3.581s]    83 |         if ([01;35m[KsrcPoints.size() >= 3[m[K & dstPoints.size() >= 3){
[3.581s]       |             [01;35m[K~~~~~~~~~~~~~~~~~^~~~[m[K
[6.872s] gmake[2]: *** [CMakeFiles/week5.dir/build.make:76: CMakeFiles/week5.dir/src/publisher_member_function.cpp.o] Error 1
[6.872s] gmake[1]: *** [CMakeFiles/Makefile2:137: CMakeFiles/week5.dir/all] Error 2
[6.872s] gmake: *** [Makefile:146: all] Error 2
[6.874s] Invoked command in '/home/student/ros2_ws/src/week5/build/week5' returned '2': CMAKE_PREFIX_PATH=/opt/ros/humble /usr/bin/cmake --build /home/student/ros2_ws/src/week5/build/week5 -- -j8 -l8
